<?xml version="1.0" encoding="UTF-8"?>
<testng-results ignored="0" total="1" passed="1" failed="0" skipped="0">
  <reporter-output>
  </reporter-output>
  <suite started-at="2024-10-08T10:02:48 IST" name="Default suite" finished-at="2024-10-08T10:03:52 IST" duration-ms="64062">
    <groups>
    </groups>
    <test started-at="2024-10-08T10:02:48 IST" name="Default test" finished-at="2024-10-08T10:03:52 IST" duration-ms="64062">
      <class name="com.Array_Programs.LengthOfAnArray">
        <test-method signature="lengthOrSizeOfAnArray()[pri:0, instance:com.Array_Programs.LengthOfAnArray@8dbdac1]" started-at="2024-10-08T10:02:48 IST" name="lengthOrSizeOfAnArray" finished-at="2024-10-08T10:03:52 IST" duration-ms="63985" status="PASS">
          <reporter-output>
          </reporter-output>
        </test-method> <!-- lengthOrSizeOfAnArray -->
      </class> <!-- com.Array_Programs.LengthOfAnArray -->
    </test> <!-- Default test -->
  </suite> <!-- Default suite -->
</testng-results>
